#
# There is insufficient memory for the Java Runtime Environment to continue.
# Native memory allocation (malloc) failed to allocate 1069696 bytes. Error detail: Chunk::new
# Possible reasons:
#   The system is out of physical RAM or swap space
#   This process is running with CompressedOops enabled, and the Java Heap may be blocking the growth of the native heap
# Possible solutions:
#   Reduce memory load on the system
#   Increase physical memory or swap space
#   Check if swap backing store is full
#   Decrease Java heap size (-Xmx/-Xms)
#   Decrease number of Java threads
#   Decrease Java thread stack sizes (-Xss)
#   Set larger code cache with -XX:ReservedCodeCacheSize=
#   JVM is running with Zero Based Compressed Oops mode in which the Java heap is
#     placed in the first 32GB address space. The Java Heap base address is the
#     maximum limit for the native heap growth. Please use -XX:HeapBaseMinAddress
#     to set the Java Heap base and to place the Java Heap above 32GB virtual address.
# This output file may be truncated or incomplete.
#
#  Out of Memory Error (arena.cpp:191), pid=13048, tid=14844
#
# JRE version: OpenJDK Runtime Environment (17.0.11) (build 17.0.11+0--11852314)
# Java VM: OpenJDK 64-Bit Server VM (17.0.11+0--11852314, mixed mode, tiered, compressed oops, compressed class ptrs, g1 gc, windows-amd64)
# No core dump will be written. Minidumps are not enabled by default on client versions of Windows
#

---------------  S U M M A R Y ------------

Command Line: org.jetbrains.kotlin.cli.jvm.K2JVMCompiler @D:\Android\DistantEducation\app\build\20241209_3136193998132457279.compiler.options

Host: AMD Ryzen 7 3700X 8-Core Processor             , 16 cores, 15G,  Windows 10 , 64 bit Build 19041 (10.0.19041.5072)
Time: Mon Dec  9 20:04:14 2024 RTZ 2 (s 10 , 64 bit Build 19041 (10.0.19041.5072) elapsed time: 9.620604 seconds (0d 0h 0m 9s)

---------------  T H R E A D  ---------------

Current thread (0x0000013ca0ae5d00):  JavaThread "C2 CompilerThread0" daemon [_thread_in_native, id=14844, stack(0x0000000488500000,0x0000000488600000)]


Current CompileTask:
C2:   9620 16431       4       org.jetbrains.kotlin.backend.jvm.lower.BridgeLowering::createBridges (1016 bytes)

Stack: [0x0000000488500000,0x0000000488600000]
Native frames: (J=compiled Java code, j=interpreted, Vv=VM code, C=native code)
V  [jvm.dll+0x687bb9]
V  [jvm.dll+0x84142a]
V  [jvm.dll+0x8430ae]
V  [jvm.dll+0x843713]
V  [jvm.dll+0x24a35f]
V  [jvm.dll+0xac544]
V  [jvm.dll+0xacb8c]
V  [jvm.dll+0x2b194f]
V  [jvm.dll+0x58eba7]
V  [jvm.dll+0x2247e2]
V  [jvm.dll+0x21d99f]
V  [jvm.dll+0x21b201]
V  [jvm.dll+0x1a63ed]
V  [jvm.dll+0x22b1ee]
V  [jvm.dll+0x229375]
V  [jvm.dll+0x7f5647]
V  [jvm.dll+0x7efa4a]
V  [jvm.dll+0x686a35]
C  [ucrtbase.dll+0x21bb2]
C  [KERNEL32.DLL+0x17374]
C  [ntdll.dll+0x4cc91]


---------------  P R O C E S S  ---------------

Threads class SMR info:
_java_thread_list=0x0000013ca6898a70, length=17, elements={
0x0000013c814512f0, 0x0000013ca0ab1250, 0x0000013ca0ab30e0, 0x0000013ca0af20c0,
0x0000013ca0af3c90, 0x0000013ca0ad26e0, 0x0000013ca0ad2cb0, 0x0000013ca0ae5d00,
0x0000013ca0ae9b10, 0x0000013ca0aec430, 0x0000013ca0c66250, 0x0000013ca0c6cb90,
0x0000013ca0c71330, 0x0000013ca0c74f50, 0x0000013ca5069b30, 0x0000013ca52aaa10,
0x0000013ca6a3e030
}

Java Threads: ( => current thread )
  0x0000013c814512f0 JavaThread "main" [_thread_in_Java, id=2912, stack(0x0000000487800000,0x0000000487900000)]
  0x0000013ca0ab1250 JavaThread "Reference Handler" daemon [_thread_blocked, id=9952, stack(0x0000000487f00000,0x0000000488000000)]
  0x0000013ca0ab30e0 JavaThread "Finalizer" daemon [_thread_blocked, id=5004, stack(0x0000000488000000,0x0000000488100000)]
  0x0000013ca0af20c0 JavaThread "Signal Dispatcher" daemon [_thread_blocked, id=2840, stack(0x0000000488100000,0x0000000488200000)]
  0x0000013ca0af3c90 JavaThread "Attach Listener" daemon [_thread_blocked, id=7928, stack(0x0000000488200000,0x0000000488300000)]
  0x0000013ca0ad26e0 JavaThread "Service Thread" daemon [_thread_blocked, id=17280, stack(0x0000000488300000,0x0000000488400000)]
  0x0000013ca0ad2cb0 JavaThread "Monitor Deflation Thread" daemon [_thread_blocked, id=11036, stack(0x0000000488400000,0x0000000488500000)]
=>0x0000013ca0ae5d00 JavaThread "C2 CompilerThread0" daemon [_thread_in_native, id=14844, stack(0x0000000488500000,0x0000000488600000)]
  0x0000013ca0ae9b10 JavaThread "C1 CompilerThread0" daemon [_thread_blocked, id=9268, stack(0x0000000488600000,0x0000000488700000)]
  0x0000013ca0aec430 JavaThread "Sweeper thread" daemon [_thread_blocked, id=9568, stack(0x0000000488700000,0x0000000488800000)]
  0x0000013ca0c66250 JavaThread "C1 CompilerThread1" daemon [_thread_blocked, id=32, stack(0x0000000488800000,0x0000000488900000)]
  0x0000013ca0c6cb90 JavaThread "Notification Thread" daemon [_thread_blocked, id=8136, stack(0x0000000488900000,0x0000000488a00000)]
  0x0000013ca0c71330 JavaThread "Common-Cleaner" daemon [_thread_blocked, id=1740, stack(0x0000000488b00000,0x0000000488c00000)]
  0x0000013ca0c74f50 JavaThread "C2 CompilerThread1" daemon [_thread_in_native, id=11332, stack(0x0000000488c00000,0x0000000488d00000)]
  0x0000013ca5069b30 JavaThread "C1 CompilerThread2" daemon [_thread_blocked, id=1744, stack(0x0000000488d00000,0x0000000488e00000)]
  0x0000013ca52aaa10 JavaThread "C1 CompilerThread3" daemon [_thread_in_native, id=11044, stack(0x0000000488e00000,0x0000000488f00000)]
  0x0000013ca6a3e030 JavaThread "C2 CompilerThread2" daemon [_thread_in_native, id=6292, stack(0x0000000489d00000,0x0000000489e00000)]

Other Threads:
  0x0000013ca08fda20 VMThread "VM Thread" [stack: 0x0000000487e00000,0x0000000487f00000] [id=5080]
  0x0000013ca0c6f080 WatcherThread [stack: 0x0000000488a00000,0x0000000488b00000] [id=11900]
  0x0000013c814be300 GCTaskThread "GC Thread#0" [stack: 0x0000000487900000,0x0000000487a00000] [id=15692]
  0x0000013ca53497e0 GCTaskThread "GC Thread#1" [stack: 0x0000000488f00000,0x0000000489000000] [id=11032]
  0x0000013ca5349eb0 GCTaskThread "GC Thread#2" [stack: 0x0000000489000000,0x0000000489100000] [id=9708]
  0x0000013ca536cba0 GCTaskThread "GC Thread#3" [stack: 0x0000000489100000,0x0000000489200000] [id=8088]
  0x0000013ca5365e80 GCTaskThread "GC Thread#4" [stack: 0x0000000489200000,0x0000000489300000] [id=9440]
  0x0000013ca5367480 GCTaskThread "GC Thread#5" [stack: 0x0000000489300000,0x0000000489400000] [id=9516]
  0x0000013ca5366980 GCTaskThread "GC Thread#6" [stack: 0x0000000489500000,0x0000000489600000] [id=3428]
  0x0000013ca5366400 GCTaskThread "GC Thread#7" [stack: 0x0000000489600000,0x0000000489700000] [id=5528]
  0x0000013ca53666c0 GCTaskThread "GC Thread#8" [stack: 0x0000000489700000,0x0000000489800000] [id=14092]
  0x0000013ca5366140 GCTaskThread "GC Thread#9" [stack: 0x0000000489a00000,0x0000000489b00000] [id=11316]
  0x0000013ca53671c0 GCTaskThread "GC Thread#10" [stack: 0x0000000489b00000,0x0000000489c00000] [id=11872]
  0x0000013ca5ec6100 GCTaskThread "GC Thread#11" [stack: 0x0000000489c00000,0x0000000489d00000] [id=6648]
  0x0000013ca5ec5600 GCTaskThread "GC Thread#12" [stack: 0x0000000489400000,0x0000000489500000] [id=17120]
  0x0000013c814cf190 ConcurrentGCThread "G1 Main Marker" [stack: 0x0000000487a00000,0x0000000487b00000] [id=8964]
  0x0000013c814d0350 ConcurrentGCThread "G1 Conc#0" [stack: 0x0000000487b00000,0x0000000487c00000] [id=7980]
  0x0000013ca5367a00 ConcurrentGCThread "G1 Conc#1" [stack: 0x0000000489800000,0x0000000489900000] [id=16288]
  0x0000013ca5366c40 ConcurrentGCThread "G1 Conc#2" [stack: 0x0000000489900000,0x0000000489a00000] [id=7340]
  0x0000013ca07ab600 ConcurrentGCThread "G1 Refine#0" [stack: 0x0000000487c00000,0x0000000487d00000] [id=6432]
  0x0000013ca78bdc50 ConcurrentGCThread "G1 Refine#1" [stack: 0x0000000489e00000,0x0000000489f00000] [id=3580]
  0x0000013ca795b7c0 ConcurrentGCThread "G1 Refine#2" [stack: 0x0000000489f00000,0x000000048a000000] [id=12308]
  0x0000013ca795a040 ConcurrentGCThread "G1 Refine#3" [stack: 0x000000048a000000,0x000000048a100000] [id=10688]
  0x0000013ca795c380 ConcurrentGCThread "G1 Refine#4" [stack: 0x000000048a100000,0x000000048a200000] [id=13248]
  0x0000013ca80b4a60 ConcurrentGCThread "G1 Refine#5" [stack: 0x000000048a200000,0x000000048a300000] [id=10888]
  0x0000013ca80b5620 ConcurrentGCThread "G1 Refine#6" [stack: 0x000000048a300000,0x000000048a400000] [id=8396]
  0x0000013ca80b5ef0 ConcurrentGCThread "G1 Refine#7" [stack: 0x000000048a400000,0x000000048a500000] [id=5444]
  0x0000013ca07abf40 ConcurrentGCThread "G1 Service" [stack: 0x0000000487d00000,0x0000000487e00000] [id=14420]

Threads with active compile tasks:
C2 CompilerThread0     9635 16431       4       org.jetbrains.kotlin.backend.jvm.lower.BridgeLowering::createBridges (1016 bytes)
C1 CompilerThread0     9635 16594       3       org.jetbrains.kotlin.resolve.descriptorUtil.DescriptorUtilsKt::firstOverridden (53 bytes)
C1 CompilerThread1     9635 16595       3       org.jetbrains.kotlin.load.java.SpecialBuiltinMembers::getOverriddenBuiltinWithDifferentJvmName (112 bytes)
C2 CompilerThread1     9635 16290       4       org.jetbrains.kotlin.ir.util.IrFakeOverrideUtilsKt::collectAndFilterRealOverrides$collectRealOverrides (157 bytes)
C1 CompilerThread2     9635 16592       3       org.jetbrains.kotlin.load.java.lazy.descriptors.LazyJavaClassMemberScope::doesOverrideRenamedBuiltins (239 bytes)
C2 CompilerThread2     9635 16504       4       org.jetbrains.kotlin.ir.util.IrFakeOverrideUtilsKt::resolveFakeOverrideOrNull (240 bytes)

VM state: not at safepoint (normal execution)

VM Mutex/Monitor currently owned by a thread: None

Heap address: 0x0000000700c00000, size: 4084 MB, Compressed Oops mode: Zero based, Oop shift amount: 3

CDS archive(s) not mapped
Compressed class space mapped at: 0x0000000800000000-0x0000000840000000, reserved size: 1073741824
Narrow klass base: 0x0000000800000000, Narrow klass shift: 0, Narrow klass range: 0x40000000

GC Precious Log:
 CPUs: 16 total, 16 available
 Memory: 16328M
 Large Page Support: Disabled
 NUMA Support: Disabled
 Compressed Oops: Enabled (Zero based)
 Heap Region Size: 2M
 Heap Min Capacity: 8M
 Heap Initial Capacity: 256M
 Heap Max Capacity: 4084M
 Pre-touch: Disabled
 Parallel Workers: 13
 Concurrent Workers: 3
 Concurrent Refinement Workers: 13
 Periodic GC: Disabled

Heap:
 garbage-first heap   total 192512K, used 101912K [0x0000000700c00000, 0x0000000800000000)
  region size 2048K, 14 young (28672K), 2 survivors (4096K)
 Metaspace       used 82855K, committed 83200K, reserved 1179648K
  class space    used 8941K, committed 9088K, reserved 1048576K

Heap Regions: E=young(eden), S=young(survivor), O=old, HS=humongous(starts), HC=humongous(continues), CS=collection set, F=free, OA=open archive, CA=closed archive, TAMS=top-at-mark-start (previous, next)
|   0|0x0000000700c00000, 0x0000000700e00000, 0x0000000700e00000|100%|HS|  |TAMS 0x0000000700e00000, 0x0000000700c00000| Complete 
|   1|0x0000000700e00000, 0x0000000701000000, 0x0000000701000000|100%|HC|  |TAMS 0x0000000701000000, 0x0000000700e00000| Complete 
|   2|0x0000000701000000, 0x0000000701200000, 0x0000000701200000|100%| O|  |TAMS 0x0000000701200000, 0x0000000701000000| Untracked 
|   3|0x0000000701200000, 0x0000000701400000, 0x0000000701400000|100%| O|  |TAMS 0x0000000701400000, 0x0000000701200000| Untracked 
|   4|0x0000000701400000, 0x0000000701600000, 0x0000000701600000|100%| O|  |TAMS 0x0000000701600000, 0x0000000701400000| Untracked 
|   5|0x0000000701600000, 0x0000000701800000, 0x0000000701800000|100%|HS|  |TAMS 0x0000000701800000, 0x0000000701600000| Complete 
|   6|0x0000000701800000, 0x0000000701a00000, 0x0000000701a00000|100%| O|  |TAMS 0x0000000701a00000, 0x0000000701800000| Untracked 
|   7|0x0000000701a00000, 0x0000000701c00000, 0x0000000701c00000|100%| O|  |TAMS 0x0000000701c00000, 0x0000000701a00000| Untracked 
|   8|0x0000000701c00000, 0x0000000701e00000, 0x0000000701e00000|100%| O|  |TAMS 0x0000000701e00000, 0x0000000701c00000| Untracked 
|   9|0x0000000701e00000, 0x0000000702000000, 0x0000000702000000|100%| O|  |TAMS 0x0000000702000000, 0x0000000701e00000| Untracked 
|  10|0x0000000702000000, 0x0000000702200000, 0x0000000702200000|100%| O|  |TAMS 0x0000000702200000, 0x0000000702000000| Untracked 
|  11|0x0000000702200000, 0x0000000702400000, 0x0000000702400000|100%| O|  |TAMS 0x0000000702400000, 0x0000000702200000| Untracked 
|  12|0x0000000702400000, 0x0000000702600000, 0x0000000702600000|100%| O|  |TAMS 0x0000000702600000, 0x0000000702400000| Untracked 
|  13|0x0000000702600000, 0x0000000702800000, 0x0000000702800000|100%| O|  |TAMS 0x0000000702631200, 0x0000000702600000| Untracked 
|  14|0x0000000702800000, 0x0000000702a00000, 0x0000000702a00000|100%| O|  |TAMS 0x0000000702800000, 0x0000000702800000| Untracked 
|  15|0x0000000702a00000, 0x0000000702c00000, 0x0000000702c00000|100%| O|  |TAMS 0x0000000702a00000, 0x0000000702a00000| Untracked 
|  16|0x0000000702c00000, 0x0000000702e00000, 0x0000000702e00000|100%| O|  |TAMS 0x0000000702c00000, 0x0000000702c00000| Untracked 
|  17|0x0000000702e00000, 0x0000000703000000, 0x0000000703000000|100%| O|  |TAMS 0x0000000702e00000, 0x0000000702e00000| Untracked 
|  18|0x0000000703000000, 0x0000000703072400, 0x0000000703200000| 22%| O|  |TAMS 0x0000000703000000, 0x0000000703000000| Untracked 
|  19|0x0000000703200000, 0x0000000703400000, 0x0000000703400000|100%| O|  |TAMS 0x0000000703200000, 0x0000000703200000| Untracked 
|  20|0x0000000703400000, 0x0000000703600000, 0x0000000703600000|100%| O|  |TAMS 0x0000000703400000, 0x0000000703400000| Untracked 
|  21|0x0000000703600000, 0x0000000703800000, 0x0000000703800000|100%| O|  |TAMS 0x0000000703600000, 0x0000000703600000| Untracked 
|  22|0x0000000703800000, 0x0000000703a00000, 0x0000000703a00000|100%| O|  |TAMS 0x0000000703800000, 0x0000000703800000| Untracked 
|  23|0x0000000703a00000, 0x0000000703c00000, 0x0000000703c00000|100%| O|  |TAMS 0x0000000703a00000, 0x0000000703a00000| Untracked 
|  24|0x0000000703c00000, 0x0000000703e00000, 0x0000000703e00000|100%| O|  |TAMS 0x0000000703c00000, 0x0000000703c00000| Untracked 
|  25|0x0000000703e00000, 0x0000000704000000, 0x0000000704000000|100%| O|  |TAMS 0x0000000703e00000, 0x0000000703e00000| Untracked 
|  26|0x0000000704000000, 0x0000000704200000, 0x0000000704200000|100%|HS|  |TAMS 0x0000000704000000, 0x0000000704000000| Complete 
|  27|0x0000000704200000, 0x0000000704400000, 0x0000000704400000|100%| O|  |TAMS 0x0000000704200000, 0x0000000704200000| Untracked 
|  28|0x0000000704400000, 0x0000000704600000, 0x0000000704600000|100%| O|  |TAMS 0x0000000704400000, 0x0000000704400000| Untracked 
|  29|0x0000000704600000, 0x0000000704800000, 0x0000000704800000|100%| O|  |TAMS 0x0000000704600000, 0x0000000704600000| Untracked 
|  30|0x0000000704800000, 0x0000000704a00000, 0x0000000704a00000|100%| O|  |TAMS 0x0000000704800000, 0x0000000704800000| Untracked 
|  31|0x0000000704a00000, 0x0000000704c00000, 0x0000000704c00000|100%| O|  |TAMS 0x0000000704a00000, 0x0000000704a00000| Untracked 
|  32|0x0000000704c00000, 0x0000000704e00000, 0x0000000704e00000|100%| O|  |TAMS 0x0000000704c00000, 0x0000000704c00000| Untracked 
|  33|0x0000000704e00000, 0x0000000705000000, 0x0000000705000000|100%| O|  |TAMS 0x0000000704e00000, 0x0000000704e00000| Untracked 
|  34|0x0000000705000000, 0x0000000705200000, 0x0000000705200000|100%| O|  |TAMS 0x0000000705000000, 0x0000000705000000| Untracked 
|  35|0x0000000705200000, 0x0000000705400000, 0x0000000705400000|100%| O|  |TAMS 0x0000000705200000, 0x0000000705200000| Untracked 
|  36|0x0000000705400000, 0x0000000705600000, 0x0000000705600000|100%| O|  |TAMS 0x0000000705400000, 0x0000000705400000| Untracked 
|  37|0x0000000705600000, 0x000000070578b400, 0x0000000705800000| 77%| O|  |TAMS 0x0000000705600000, 0x0000000705600000| Untracked 
|  38|0x0000000705800000, 0x0000000705800000, 0x0000000705a00000|  0%| F|  |TAMS 0x0000000705800000, 0x0000000705800000| Untracked 
|  39|0x0000000705a00000, 0x0000000705a00000, 0x0000000705c00000|  0%| F|  |TAMS 0x0000000705a00000, 0x0000000705a00000| Untracked 
|  40|0x0000000705c00000, 0x0000000705c00000, 0x0000000705e00000|  0%| F|  |TAMS 0x0000000705c00000, 0x0000000705c00000| Untracked 
|  41|0x0000000705e00000, 0x0000000705e00000, 0x0000000706000000|  0%| F|  |TAMS 0x0000000705e00000, 0x0000000705e00000| Untracked 
|  42|0x0000000706000000, 0x0000000706000000, 0x0000000706200000|  0%| F|  |TAMS 0x0000000706000000, 0x0000000706000000| Untracked 
|  43|0x0000000706200000, 0x0000000706200000, 0x0000000706400000|  0%| F|  |TAMS 0x0000000706200000, 0x0000000706200000| Untracked 
|  44|0x0000000706400000, 0x0000000706400000, 0x0000000706600000|  0%| F|  |TAMS 0x0000000706400000, 0x0000000706400000| Untracked 
|  45|0x0000000706600000, 0x0000000706600000, 0x0000000706800000|  0%| F|  |TAMS 0x0000000706600000, 0x0000000706600000| Untracked 
|  46|0x0000000706800000, 0x0000000706800000, 0x0000000706a00000|  0%| F|  |TAMS 0x0000000706800000, 0x0000000706800000| Untracked 
|  47|0x0000000706a00000, 0x0000000706a00000, 0x0000000706c00000|  0%| F|  |TAMS 0x0000000706a00000, 0x0000000706a00000| Untracked 
|  48|0x0000000706c00000, 0x0000000706c00000, 0x0000000706e00000|  0%| F|  |TAMS 0x0000000706c00000, 0x0000000706c00000| Untracked 
|  49|0x0000000706e00000, 0x0000000706e00000, 0x0000000707000000|  0%| F|  |TAMS 0x0000000706e00000, 0x0000000706e00000| Untracked 
|  50|0x0000000707000000, 0x0000000707000000, 0x0000000707200000|  0%| F|  |TAMS 0x0000000707000000, 0x0000000707000000| Untracked 
|  51|0x0000000707200000, 0x0000000707200000, 0x0000000707400000|  0%| F|  |TAMS 0x0000000707200000, 0x0000000707200000| Untracked 
|  52|0x0000000707400000, 0x0000000707400000, 0x0000000707600000|  0%| F|  |TAMS 0x0000000707400000, 0x0000000707400000| Untracked 
|  53|0x0000000707600000, 0x0000000707600000, 0x0000000707800000|  0%| F|  |TAMS 0x0000000707600000, 0x0000000707600000| Untracked 
|  54|0x0000000707800000, 0x0000000707800000, 0x0000000707a00000|  0%| F|  |TAMS 0x0000000707800000, 0x0000000707800000| Untracked 
|  55|0x0000000707a00000, 0x0000000707a00000, 0x0000000707c00000|  0%| F|  |TAMS 0x0000000707a00000, 0x0000000707a00000| Untracked 
|  56|0x0000000707c00000, 0x0000000707c00000, 0x0000000707e00000|  0%| F|  |TAMS 0x0000000707c00000, 0x0000000707c00000| Untracked 
|  57|0x0000000707e00000, 0x0000000707e00000, 0x0000000708000000|  0%| F|  |TAMS 0x0000000707e00000, 0x0000000707e00000| Untracked 
|  58|0x0000000708000000, 0x0000000708188b98, 0x0000000708200000| 76%| S|CS|TAMS 0x0000000708000000, 0x0000000708000000| Complete 
|  59|0x0000000708200000, 0x0000000708400000, 0x0000000708400000|100%| S|CS|TAMS 0x0000000708200000, 0x0000000708200000| Complete 
|  60|0x0000000708400000, 0x0000000708400000, 0x0000000708600000|  0%| F|  |TAMS 0x0000000708400000, 0x0000000708400000| Untracked 
|  61|0x0000000708600000, 0x0000000708600000, 0x0000000708800000|  0%| F|  |TAMS 0x0000000708600000, 0x0000000708600000| Untracked 
|  62|0x0000000708800000, 0x0000000708800000, 0x0000000708a00000|  0%| F|  |TAMS 0x0000000708800000, 0x0000000708800000| Untracked 
|  63|0x0000000708a00000, 0x0000000708a00000, 0x0000000708c00000|  0%| F|  |TAMS 0x0000000708a00000, 0x0000000708a00000| Untracked 
|  64|0x0000000708c00000, 0x0000000708c00000, 0x0000000708e00000|  0%| F|  |TAMS 0x0000000708c00000, 0x0000000708c00000| Untracked 
|  65|0x0000000708e00000, 0x0000000708e00000, 0x0000000709000000|  0%| F|  |TAMS 0x0000000708e00000, 0x0000000708e00000| Untracked 
|  66|0x0000000709000000, 0x0000000709000000, 0x0000000709200000|  0%| F|  |TAMS 0x0000000709000000, 0x0000000709000000| Untracked 
|  67|0x0000000709200000, 0x0000000709200000, 0x0000000709400000|  0%| F|  |TAMS 0x0000000709200000, 0x0000000709200000| Untracked 
|  68|0x0000000709400000, 0x0000000709400000, 0x0000000709600000|  0%| F|  |TAMS 0x0000000709400000, 0x0000000709400000| Untracked 
|  69|0x0000000709600000, 0x0000000709600000, 0x0000000709800000|  0%| F|  |TAMS 0x0000000709600000, 0x0000000709600000| Untracked 
|  70|0x0000000709800000, 0x0000000709800000, 0x0000000709a00000|  0%| F|  |TAMS 0x0000000709800000, 0x0000000709800000| Untracked 
|  71|0x0000000709a00000, 0x0000000709a00000, 0x0000000709c00000|  0%| F|  |TAMS 0x0000000709a00000, 0x0000000709a00000| Untracked 
|  72|0x0000000709c00000, 0x0000000709c00000, 0x0000000709e00000|  0%| F|  |TAMS 0x0000000709c00000, 0x0000000709c00000| Untracked 
|  73|0x0000000709e00000, 0x0000000709e00000, 0x000000070a000000|  0%| F|  |TAMS 0x0000000709e00000, 0x0000000709e00000| Untracked 
|  74|0x000000070a000000, 0x000000070a000000, 0x000000070a200000|  0%| F|  |TAMS 0x000000070a000000, 0x000000070a000000| Untracked 
|  75|0x000000070a200000, 0x000000070a200000, 0x000000070a400000|  0%| F|  |TAMS 0x000000070a200000, 0x000000070a200000| Untracked 
|  76|0x000000070a400000, 0x000000070a400000, 0x000000070a600000|  0%| F|  |TAMS 0x000000070a400000, 0x000000070a400000| Untracked 
|  77|0x000000070a600000, 0x000000070a600000, 0x000000070a800000|  0%| F|  |TAMS 0x000000070a600000, 0x000000070a600000| Untracked 
|  78|0x000000070a800000, 0x000000070a800000, 0x000000070aa00000|  0%| F|  |TAMS 0x000000070a800000, 0x000000070a800000| Untracked 
|  79|0x000000070aa00000, 0x000000070aa00000, 0x000000070ac00000|  0%| F|  |TAMS 0x000000070aa00000, 0x000000070aa00000| Untracked 
|  80|0x000000070ac00000, 0x000000070ac00000, 0x000000070ae00000|  0%| F|  |TAMS 0x000000070ac00000, 0x000000070ac00000| Untracked 
|  81|0x000000070ae00000, 0x000000070ae00000, 0x000000070b000000|  0%| F|  |TAMS 0x000000070ae00000, 0x000000070ae00000| Untracked 
|  82|0x000000070b000000, 0x000000070b200000, 0x000000070b200000|100%| E|  |TAMS 0x000000070b000000, 0x000000070b000000| Complete 
|  83|0x000000070b200000, 0x000000070b400000, 0x000000070b400000|100%| E|CS|TAMS 0x000000070b200000, 0x000000070b200000| Complete 
|  84|0x000000070b400000, 0x000000070b600000, 0x000000070b600000|100%| E|CS|TAMS 0x000000070b400000, 0x000000070b400000| Complete 
|  85|0x000000070b600000, 0x000000070b800000, 0x000000070b800000|100%| E|CS|TAMS 0x000000070b600000, 0x000000070b600000| Complete 
|  86|0x000000070b800000, 0x000000070ba00000, 0x000000070ba00000|100%| E|CS|TAMS 0x000000070b800000, 0x000000070b800000| Complete 
|  87|0x000000070ba00000, 0x000000070bc00000, 0x000000070bc00000|100%| E|CS|TAMS 0x000000070ba00000, 0x000000070ba00000| Complete 
|  88|0x000000070bc00000, 0x000000070be00000, 0x000000070be00000|100%| E|CS|TAMS 0x000000070bc00000, 0x000000070bc00000| Complete 
|  89|0x000000070be00000, 0x000000070c000000, 0x000000070c000000|100%| E|CS|TAMS 0x000000070be00000, 0x000000070be00000| Complete 
|  90|0x000000070c000000, 0x000000070c200000, 0x000000070c200000|100%| E|CS|TAMS 0x000000070c000000, 0x000000070c000000| Complete 
|  91|0x000000070c200000, 0x000000070c400000, 0x000000070c400000|100%| E|CS|TAMS 0x000000070c200000, 0x000000070c200000| Complete 
|  92|0x000000070c400000, 0x000000070c600000, 0x000000070c600000|100%| E|CS|TAMS 0x000000070c400000, 0x000000070c400000| Complete 
| 127|0x0000000710a00000, 0x0000000710c00000, 0x0000000710c00000|100%| E|CS|TAMS 0x0000000710a00000, 0x0000000710a00000| Complete 

Card table byte_map: [0x0000013c948a0000,0x0000013c950a0000] _byte_map_base: 0x0000013c9109a000

Marking Bits (Prev, Next): (CMBitMap*) 0x0000013c814be960, (CMBitMap*) 0x0000013c814be920
 Prev Bits: [0x0000013c99870000, 0x0000013c9d840000)
 Next Bits: [0x0000013c958a0000, 0x0000013c99870000)

Polling page: 0x0000013cff360000

Metaspace:

Usage:
  Non-class:     72.19 MB used.
      Class:      8.73 MB used.
       Both:     80.92 MB used.

Virtual space:
  Non-class space:      128.00 MB reserved,      72.38 MB ( 57%) committed,  2 nodes.
      Class space:        1.00 GB reserved,       8.88 MB ( <1%) committed,  1 nodes.
             Both:        1.12 GB reserved,      81.25 MB (  7%) committed. 

Chunk freelists:
   Non-Class:  7.61 MB
       Class:  7.12 MB
        Both:  14.73 MB

MaxMetaspaceSize: unlimited
CompressedClassSpaceSize: 1.00 GB
Initial GC threshold: 21.00 MB
Current GC threshold: 95.94 MB
CDS: off
MetaspaceReclaimPolicy: balanced
 - commit_granule_bytes: 65536.
 - commit_granule_words: 8192.
 - virtual_space_node_default_size: 8388608.
 - enlarge_chunks_in_place: 1.
 - new_chunks_are_fully_committed: 0.
 - uncommit_free_chunks: 1.
 - use_allocation_guard: 0.
 - handle_deallocations: 1.


Internal statistics:

num_allocs_failed_limit: 6.
num_arena_births: 338.
num_arena_deaths: 0.
num_vsnodes_births: 3.
num_vsnodes_deaths: 0.
num_space_committed: 1298.
num_space_uncommitted: 0.
num_chunks_returned_to_freelist: 6.
num_chunks_taken_from_freelist: 2961.
num_chunk_merges: 6.
num_chunk_splits: 2476.
num_chunks_enlarged: 2232.
num_inconsistent_stats: 0.

CodeHeap 'non-profiled nmethods': size=119168Kb used=7337Kb max_used=7355Kb free=111830Kb
 bounds [0x0000013c8c4d0000, 0x0000013c8cc00000, 0x0000013c93930000]
CodeHeap 'profiled nmethods': size=119104Kb used=46483Kb max_used=46483Kb free=72621Kb
 bounds [0x0000013c84930000, 0x0000013c876a0000, 0x0000013c8bd80000]
CodeHeap 'non-nmethods': size=7488Kb used=3084Kb max_used=3162Kb free=4403Kb
 bounds [0x0000013c8bd80000, 0x0000013c8c0a0000, 0x0000013c8c4d0000]
 total_blobs=14703 nmethods=13982 adapters=626
 compilation: enabled
              stopped_count=0, restarted_count=0
 full_count=0

Compilation events (20 events):
Event: 9.610 Thread 0x0000013ca0c66250 16563       3       org.jetbrains.kotlin.backend.common.DeclarationTransformer$Visitor::visitClass (13 bytes)
Event: 9.610 Thread 0x0000013ca5069b30 16564       3       org.jetbrains.kotlin.backend.common.DeclarationTransformer$Visitor::visitClass (7 bytes)
Event: 9.610 Thread 0x0000013ca0ae9b10 16565       3       org.jetbrains.kotlin.backend.common.DeclarationTransformer$Visitor::visitConstructor (13 bytes)
Event: 9.610 Thread 0x0000013ca52aaa10 16566       3       org.jetbrains.kotlin.backend.common.DeclarationTransformer$Visitor::visitConstructor (7 bytes)
Event: 9.611 Thread 0x0000013ca5069b30 nmethod 16564 0x0000013c8766b590 code [0x0000013c8766b7c0, 0x0000013c8766be28]
Event: 9.611 Thread 0x0000013ca5069b30 16571       3       org.jetbrains.kotlin.backend.jvm.lower.ReplaceDefaultImplsOverriddenSymbols::visitBranch (6 bytes)
Event: 9.611 Thread 0x0000013ca0c66250 nmethod 16563 0x0000013c8766c090 code [0x0000013c8766c2c0, 0x0000013c8766ca88]
Event: 9.611 Thread 0x0000013ca52aaa10 nmethod 16566 0x0000013c8766cd90 code [0x0000013c8766d020, 0x0000013c8766dae8]
Event: 9.611 Thread 0x0000013ca0c66250 16567       3       org.jetbrains.kotlin.backend.common.DeclarationTransformer$Visitor::visitConstructor (6 bytes)
Event: 9.611 Thread 0x0000013ca52aaa10 16568       3       org.jetbrains.kotlin.backend.common.DeclarationTransformer$Visitor::visitDelegatingConstructorCall (13 bytes)
Event: 9.611 Thread 0x0000013ca0ae9b10 nmethod 16565 0x0000013c8766df10 code [0x0000013c8766e1c0, 0x0000013c8766ede8]
Event: 9.611 Thread 0x0000013ca0ae9b10 16569       3       org.jetbrains.kotlin.backend.common.DeclarationTransformer$Visitor::visitDelegatingConstructorCall (7 bytes)
Event: 9.611 Thread 0x0000013ca0c66250 nmethod 16567 0x0000013c8766f290 code [0x0000013c8766f4c0, 0x0000013c8766fb28]
Event: 9.611 Thread 0x0000013ca0c66250 16570       3       org.jetbrains.kotlin.backend.common.DeclarationTransformer$Visitor::visitDelegatingConstructorCall (6 bytes)
Event: 9.612 Thread 0x0000013ca5069b30 nmethod 16571 0x0000013c8766fd90 code [0x0000013c876700c0, 0x0000013c87671148]
Event: 9.612 Thread 0x0000013ca0ae9b10 nmethod 16569 0x0000013c87671710 code [0x0000013c876719e0, 0x0000013c87672698]
Event: 9.612 Thread 0x0000013ca52aaa10 nmethod 16568 0x0000013c87672b90 code [0x0000013c87672e80, 0x0000013c87673c98]
Event: 9.612 Thread 0x0000013ca0c66250 nmethod 16570 0x0000013c87674190 code [0x0000013c87674460, 0x0000013c87675118]
Event: 9.616 Thread 0x0000013ca6a3e030 nmethod 16444 0x0000013c8c68f910 code [0x0000013c8c68fe40, 0x0000013c8c692ce0]
Event: 9.616 Thread 0x0000013ca6a3e030 16504       4       org.jetbrains.kotlin.ir.util.IrFakeOverrideUtilsKt::resolveFakeOverrideOrNull (240 bytes)

GC Heap History (20 events):
Event: 2.174 GC heap before
{Heap before GC invocations=10 (full 0):
 garbage-first heap   total 61440K, used 18627K [0x0000000700c00000, 0x0000000800000000)
  region size 2048K, 4 young (8192K), 3 survivors (6144K)
 Metaspace       used 42901K, committed 43136K, reserved 1114112K
  class space    used 5201K, committed 5312K, reserved 1048576K
}
Event: 2.180 GC heap after
{Heap after GC invocations=11 (full 0):
 garbage-first heap   total 61440K, used 18938K [0x0000000700c00000, 0x0000000800000000)
  region size 2048K, 1 young (2048K), 1 survivors (2048K)
 Metaspace       used 42901K, committed 43136K, reserved 1114112K
  class space    used 5201K, committed 5312K, reserved 1048576K
}
Event: 2.531 GC heap before
{Heap before GC invocations=11 (full 0):
 garbage-first heap   total 61440K, used 45562K [0x0000000700c00000, 0x0000000800000000)
  region size 2048K, 13 young (26624K), 1 survivors (2048K)
 Metaspace       used 47759K, committed 47936K, reserved 1114112K
  class space    used 5752K, committed 5824K, reserved 1048576K
}
Event: 2.537 GC heap after
{Heap after GC invocations=12 (full 0):
 garbage-first heap   total 61440K, used 24321K [0x0000000700c00000, 0x0000000800000000)
  region size 2048K, 2 young (4096K), 2 survivors (4096K)
 Metaspace       used 47759K, committed 47936K, reserved 1114112K
  class space    used 5752K, committed 5824K, reserved 1048576K
}
Event: 2.632 GC heap before
{Heap before GC invocations=12 (full 0):
 garbage-first heap   total 61440K, used 44801K [0x0000000700c00000, 0x0000000800000000)
  region size 2048K, 12 young (24576K), 2 survivors (4096K)
 Metaspace       used 48149K, committed 48384K, reserved 1114112K
  class space    used 5782K, committed 5888K, reserved 1048576K
}
Event: 2.639 GC heap after
{Heap after GC invocations=13 (full 0):
 garbage-first heap   total 161792K, used 26347K [0x0000000700c00000, 0x0000000800000000)
  region size 2048K, 1 young (2048K), 1 survivors (2048K)
 Metaspace       used 48149K, committed 48384K, reserved 1114112K
  class space    used 5782K, committed 5888K, reserved 1048576K
}
Event: 3.633 GC heap before
{Heap before GC invocations=13 (full 0):
 garbage-first heap   total 161792K, used 106219K [0x0000000700c00000, 0x0000000800000000)
  region size 2048K, 40 young (81920K), 1 survivors (2048K)
 Metaspace       used 56136K, committed 56320K, reserved 1114112K
  class space    used 6565K, committed 6656K, reserved 1048576K
}
Event: 3.645 GC heap after
{Heap after GC invocations=14 (full 0):
 garbage-first heap   total 161792K, used 37060K [0x0000000700c00000, 0x0000000800000000)
  region size 2048K, 5 young (10240K), 5 survivors (10240K)
 Metaspace       used 56136K, committed 56320K, reserved 1114112K
  class space    used 6565K, committed 6656K, reserved 1048576K
}
Event: 4.059 GC heap before
{Heap before GC invocations=14 (full 0):
 garbage-first heap   total 161792K, used 102596K [0x0000000700c00000, 0x0000000800000000)
  region size 2048K, 38 young (77824K), 5 survivors (10240K)
 Metaspace       used 58644K, committed 58816K, reserved 1114112K
  class space    used 6877K, committed 6976K, reserved 1048576K
}
Event: 4.074 GC heap after
{Heap after GC invocations=15 (full 0):
 garbage-first heap   total 161792K, used 43047K [0x0000000700c00000, 0x0000000800000000)
  region size 2048K, 3 young (6144K), 3 survivors (6144K)
 Metaspace       used 58644K, committed 58816K, reserved 1114112K
  class space    used 6877K, committed 6976K, reserved 1048576K
}
Event: 5.456 GC heap before
{Heap before GC invocations=16 (full 0):
 garbage-first heap   total 157696K, used 112679K [0x0000000700c00000, 0x0000000800000000)
  region size 2048K, 37 young (75776K), 3 survivors (6144K)
 Metaspace       used 62776K, committed 63040K, reserved 1114112K
  class space    used 7131K, committed 7232K, reserved 1048576K
}
Event: 5.471 GC heap after
{Heap after GC invocations=17 (full 0):
 garbage-first heap   total 157696K, used 51229K [0x0000000700c00000, 0x0000000800000000)
  region size 2048K, 5 young (10240K), 5 survivors (10240K)
 Metaspace       used 62776K, committed 63040K, reserved 1114112K
  class space    used 7131K, committed 7232K, reserved 1048576K
}
Event: 6.788 GC heap before
{Heap before GC invocations=17 (full 0):
 garbage-first heap   total 157696K, used 114717K [0x0000000700c00000, 0x0000000800000000)
  region size 2048K, 36 young (73728K), 5 survivors (10240K)
 Metaspace       used 63751K, committed 64000K, reserved 1114112K
  class space    used 7187K, committed 7296K, reserved 1048576K
}
Event: 6.806 GC heap after
{Heap after GC invocations=18 (full 0):
 garbage-first heap   total 157696K, used 57560K [0x0000000700c00000, 0x0000000800000000)
  region size 2048K, 3 young (6144K), 3 survivors (6144K)
 Metaspace       used 63751K, committed 64000K, reserved 1114112K
  class space    used 7187K, committed 7296K, reserved 1048576K
}
Event: 7.738 GC heap before
{Heap before GC invocations=18 (full 0):
 garbage-first heap   total 157696K, used 121048K [0x0000000700c00000, 0x0000000800000000)
  region size 2048K, 33 young (67584K), 3 survivors (6144K)
 Metaspace       used 70348K, committed 70656K, reserved 1114112K
  class space    used 7836K, committed 8000K, reserved 1048576K
}
Event: 7.750 GC heap after
{Heap after GC invocations=19 (full 0):
 garbage-first heap   total 192512K, used 65171K [0x0000000700c00000, 0x0000000800000000)
  region size 2048K, 3 young (6144K), 3 survivors (6144K)
 Metaspace       used 70348K, committed 70656K, reserved 1114112K
  class space    used 7836K, committed 8000K, reserved 1048576K
}
Event: 8.793 GC heap before
{Heap before GC invocations=19 (full 0):
 garbage-first heap   total 192512K, used 145043K [0x0000000700c00000, 0x0000000800000000)
  region size 2048K, 42 young (86016K), 3 survivors (6144K)
 Metaspace       used 78588K, committed 78848K, reserved 1179648K
  class space    used 8617K, committed 8768K, reserved 1048576K
}
Event: 8.809 GC heap after
{Heap after GC invocations=20 (full 0):
 garbage-first heap   total 192512K, used 75697K [0x0000000700c00000, 0x0000000800000000)
  region size 2048K, 6 young (12288K), 6 survivors (12288K)
 Metaspace       used 78588K, committed 78848K, reserved 1179648K
  class space    used 8617K, committed 8768K, reserved 1048576K
}
Event: 9.494 GC heap before
{Heap before GC invocations=20 (full 0):
 garbage-first heap   total 192512K, used 145329K [0x0000000700c00000, 0x0000000800000000)
  region size 2048K, 40 young (81920K), 6 survivors (12288K)
 Metaspace       used 82655K, committed 83008K, reserved 1179648K
  class space    used 8934K, committed 9088K, reserved 1048576K
}
Event: 9.509 GC heap after
{Heap after GC invocations=21 (full 0):
 garbage-first heap   total 192512K, used 79384K [0x0000000700c00000, 0x0000000800000000)
  region size 2048K, 2 young (4096K), 2 survivors (4096K)
 Metaspace       used 82655K, committed 83008K, reserved 1179648K
  class space    used 8934K, committed 9088K, reserved 1048576K
}

Dll operation events (2 events):
Event: 0.006 Loaded shared library C:\Program Files\Android\Android Studio\jbr\bin\java.dll
Event: 1.064 Loaded shared library C:\Program Files\Android\Android Studio\jbr\bin\verify.dll

Deoptimization events (20 events):
Event: 9.411 Thread 0x0000013c814512f0 Uncommon trap: trap_request=0xffffff66 fr.pc=0x0000013c8cb34f28 relative=0x0000000000000508
Event: 9.411 Thread 0x0000013c814512f0 Uncommon trap: reason=speculate_class_check action=maybe_recompile pc=0x0000013c8cb34f28 method=org.jetbrains.kotlin.backend.common.DeclarationTransformer$Visitor.visitFunction(Lorg/jetbrains/kotlin/ir/declarations/IrFunction;)V @ 18 c2
Event: 9.411 Thread 0x0000013c814512f0 DEOPT PACKING pc=0x0000013c8cb34f28 sp=0x00000004878fd530
Event: 9.411 Thread 0x0000013c814512f0 DEOPT UNPACKING pc=0x0000013c8bdd69a3 sp=0x00000004878fd4c8 mode 2
Event: 9.411 Thread 0x0000013c814512f0 Uncommon trap: trap_request=0xffffff66 fr.pc=0x0000013c8cb34f28 relative=0x0000000000000508
Event: 9.411 Thread 0x0000013c814512f0 Uncommon trap: reason=speculate_class_check action=maybe_recompile pc=0x0000013c8cb34f28 method=org.jetbrains.kotlin.backend.common.DeclarationTransformer$Visitor.visitFunction(Lorg/jetbrains/kotlin/ir/declarations/IrFunction;)V @ 18 c2
Event: 9.411 Thread 0x0000013c814512f0 DEOPT PACKING pc=0x0000013c8cb34f28 sp=0x00000004878fc610
Event: 9.411 Thread 0x0000013c814512f0 DEOPT UNPACKING pc=0x0000013c8bdd69a3 sp=0x00000004878fc5a8 mode 2
Event: 9.411 Thread 0x0000013c814512f0 Uncommon trap: trap_request=0xffffff66 fr.pc=0x0000013c8cb34f28 relative=0x0000000000000508
Event: 9.411 Thread 0x0000013c814512f0 Uncommon trap: reason=speculate_class_check action=maybe_recompile pc=0x0000013c8cb34f28 method=org.jetbrains.kotlin.backend.common.DeclarationTransformer$Visitor.visitFunction(Lorg/jetbrains/kotlin/ir/declarations/IrFunction;)V @ 18 c2
Event: 9.411 Thread 0x0000013c814512f0 DEOPT PACKING pc=0x0000013c8cb34f28 sp=0x00000004878fa9e0
Event: 9.411 Thread 0x0000013c814512f0 DEOPT UNPACKING pc=0x0000013c8bdd69a3 sp=0x00000004878fa978 mode 2
Event: 9.411 Thread 0x0000013c814512f0 Uncommon trap: trap_request=0xffffff66 fr.pc=0x0000013c8cb34f28 relative=0x0000000000000508
Event: 9.411 Thread 0x0000013c814512f0 Uncommon trap: reason=speculate_class_check action=maybe_recompile pc=0x0000013c8cb34f28 method=org.jetbrains.kotlin.backend.common.DeclarationTransformer$Visitor.visitFunction(Lorg/jetbrains/kotlin/ir/declarations/IrFunction;)V @ 18 c2
Event: 9.411 Thread 0x0000013c814512f0 DEOPT PACKING pc=0x0000013c8cb34f28 sp=0x00000004878fa9d0
Event: 9.411 Thread 0x0000013c814512f0 DEOPT UNPACKING pc=0x0000013c8bdd69a3 sp=0x00000004878fa968 mode 2
Event: 9.442 Thread 0x0000013c814512f0 Uncommon trap: trap_request=0xffffff45 fr.pc=0x0000013c8cabbb98 relative=0x0000000000002e18
Event: 9.442 Thread 0x0000013c814512f0 Uncommon trap: reason=unstable_if action=reinterpret pc=0x0000013c8cabbb98 method=java.util.HashMap.keySet()Ljava/util/Set; @ 6 c2
Event: 9.442 Thread 0x0000013c814512f0 DEOPT PACKING pc=0x0000013c8cabbb98 sp=0x00000004878fadd0
Event: 9.442 Thread 0x0000013c814512f0 DEOPT UNPACKING pc=0x0000013c8bdd69a3 sp=0x00000004878facd0 mode 2

Classes unloaded (0 events):
No events

Classes redefined (0 events):
No events

Internal exceptions (20 events):
Event: 3.255 Thread 0x0000013c814512f0 Exception <a 'java/lang/NoSuchMethodError'{0x0000000707b10bd0}: 'java.lang.Object java.lang.invoke.DirectMethodHandle$Holder.invokeStaticInit(java.lang.Object, java.lang.Object, java.lang.Object)'> (0x0000000707b10bd0) 
thrown [s\src\hotspot\share\interpreter\linkResolver.cpp, line 771]
Event: 3.587 Thread 0x0000013c814512f0 Implicit null exception at 0x0000013c8c51f50f to 0x0000013c8c51f788
Event: 3.849 Thread 0x0000013c814512f0 Implicit null exception at 0x0000013c8c5ef04c to 0x0000013c8c5ef134
Event: 3.855 Thread 0x0000013c814512f0 Exception <a 'java/lang/NoSuchMethodError'{0x00000007073a1ed8}: 'int java.lang.invoke.DirectMethodHandle$Holder.invokeStaticInit(java.lang.Object, int)'> (0x00000007073a1ed8) 
thrown [s\src\hotspot\share\interpreter\linkResolver.cpp, line 771]
Event: 4.077 Thread 0x0000013c814512f0 Exception <a 'java/lang/NoSuchMethodError'{0x0000000710a23d48}: 'java.lang.Object java.lang.invoke.DirectMethodHandle$Holder.invokeInterface(java.lang.Object, java.lang.Object, java.lang.Object)'> (0x0000000710a23d48) 
thrown [s\src\hotspot\share\interpreter\linkResolver.cpp, line 771]
Event: 4.078 Thread 0x0000013c814512f0 Exception <a 'java/lang/IncompatibleClassChangeError'{0x0000000710a276b8}: Found class java.lang.Object, but interface was expected> (0x0000000710a276b8) 
thrown [s\src\hotspot\share\interpreter\linkResolver.cpp, line 838]
Event: 4.148 Thread 0x0000013c814512f0 Exception <a 'java/lang/NoSuchMethodError'{0x000000070a313a58}: 'java.lang.Object java.lang.invoke.DirectMethodHandle$Holder.newInvokeSpecial(java.lang.Object, java.lang.Object, java.lang.Object, java.lang.Object, java.lang.Object, java.lang.Object, java.lang.Object)'> (0x000000070a313a58) 
thrown [s\src\hotspot\share\interpreter\linkResolver.cpp, line 771]
Event: 4.149 Thread 0x0000013c814512f0 Exception <a 'java/lang/NoSuchMethodError'{0x000000070a318610}: 'java.lang.Object java.lang.invoke.Invokers$Holder.linkToTargetMethod(java.lang.Object, java.lang.Object, java.lang.Object, java.lang.Object, java.lang.Object, java.lang.Object, java.lang.Object)'> (0x000000070a318610) 
thrown [s\src\hotspot\share\interpreter\linkResolver.cpp, line 771]
Event: 4.937 Thread 0x0000013c814512f0 Exception <a 'java/lang/NoSuchMethodError'{0x00000007076fe078}: 'java.lang.Object java.lang.invoke.DirectMethodHandle$Holder.invokeStatic(java.lang.Object, int, java.lang.Object)'> (0x00000007076fe078) 
thrown [s\src\hotspot\share\interpreter\linkResolver.cpp, line 771]
Event: 4.979 Thread 0x0000013c814512f0 Implicit null exception at 0x0000013c8c537658 to 0x0000013c8c5376ee
Event: 5.351 Thread 0x0000013c814512f0 Exception <a 'java/lang/NoSuchMethodError'{0x0000000705e9c288}: 'java.lang.Object java.lang.invoke.DirectMethodHandle$Holder.newInvokeSpecial(java.lang.Object, int, java.lang.Object, java.lang.Object)'> (0x0000000705e9c288) 
thrown [s\src\hotspot\share\interpreter\linkResolver.cpp, line 771]
Event: 6.862 Thread 0x0000013c814512f0 Implicit null exception at 0x0000013c8ca0cfac to 0x0000013c8ca0d078
Event: 7.136 Thread 0x0000013c814512f0 Implicit null exception at 0x0000013c8ca66ccc to 0x0000013c8ca6ac38
Event: 7.356 Thread 0x0000013c814512f0 Implicit null exception at 0x0000013c8c8c5a57 to 0x0000013c8c8c5d68
Event: 7.356 Thread 0x0000013c814512f0 Implicit null exception at 0x0000013c8c58b1dc to 0x0000013c8c58b484
Event: 7.470 Thread 0x0000013c814512f0 Exception <a 'java/lang/NoSuchMethodError'{0x0000000707d4d4a0}: 'java.lang.Object java.lang.invoke.DirectMethodHandle$Holder.invokeStaticInit(java.lang.Object, java.lang.Object, java.lang.Object, java.lang.Object)'> (0x0000000707d4d4a0) 
thrown [s\src\hotspot\share\interpreter\linkResolver.cpp, line 771]
Event: 7.631 Thread 0x0000013c814512f0 Exception <a 'java/lang/NoSuchMethodError'{0x0000000706ef01d8}: 'java.lang.Object java.lang.invoke.DirectMethodHandle$Holder.newInvokeSpecial(java.lang.Object, java.lang.Object, java.lang.Object, int, int)'> (0x0000000706ef01d8) 
thrown [s\src\hotspot\share\interpreter\linkResolver.cpp, line 771]
Event: 7.631 Thread 0x0000013c814512f0 Exception <a 'java/lang/NoSuchMethodError'{0x0000000706ef4018}: 'java.lang.Object java.lang.invoke.DirectMethodHandle$Holder.invokeSpecial(java.lang.Object, java.lang.Object, java.lang.Object, java.lang.Object, int, int)'> (0x0000000706ef4018) 
thrown [s\src\hotspot\share\interpreter\linkResolver.cpp, line 771]
Event: 7.667 Thread 0x0000013c814512f0 Exception <a 'java/lang/NoSuchMethodError'{0x0000000706d68900}: 'java.lang.Object java.lang.invoke.DirectMethodHandle$Holder.invokeSpecial(java.lang.Object, java.lang.Object, int, int, java.lang.Object, java.lang.Object, java.lang.Object, java.lang.Object, java.lang.Object)'> (0x0000000706d68900) 
thrown [s\src\hotspot\share\interpreter\linkResolver.cpp, line 771]
Event: 9.121 Thread 0x0000013c814512f0 Implicit null exception at 0x0000013c8cbeec35 to 0x0000013c8cbeee56

VM Operations (20 events):
Event: 9.094 Executing VM operation: HandshakeAllThreads
Event: 9.094 Executing VM operation: HandshakeAllThreads done
Event: 9.095 Executing VM operation: HandshakeAllThreads
Event: 9.095 Executing VM operation: HandshakeAllThreads done
Event: 9.112 Executing VM operation: HandshakeAllThreads
Event: 9.112 Executing VM operation: HandshakeAllThreads done
Event: 9.120 Executing VM operation: ICBufferFull
Event: 9.120 Executing VM operation: ICBufferFull done
Event: 9.128 Executing VM operation: HandshakeAllThreads
Event: 9.128 Executing VM operation: HandshakeAllThreads done
Event: 9.159 Executing VM operation: ICBufferFull
Event: 9.159 Executing VM operation: ICBufferFull done
Event: 9.195 Executing VM operation: ICBufferFull
Event: 9.195 Executing VM operation: ICBufferFull done
Event: 9.286 Executing VM operation: ICBufferFull
Event: 9.286 Executing VM operation: ICBufferFull done
Event: 9.380 Executing VM operation: ICBufferFull
Event: 9.380 Executing VM operation: ICBufferFull done
Event: 9.494 Executing VM operation: G1CollectForAllocation
Event: 9.509 Executing VM operation: G1CollectForAllocation done

Events (20 events):
Event: 9.158 Thread 0x0000013ca0aec430 flushing nmethod 0x0000013c86be2590
Event: 9.158 Thread 0x0000013ca0aec430 flushing nmethod 0x0000013c86bee090
Event: 9.158 Thread 0x0000013ca0aec430 flushing nmethod 0x0000013c86beec10
Event: 9.158 Thread 0x0000013ca0aec430 flushing nmethod 0x0000013c86bf1c10
Event: 9.158 Thread 0x0000013ca0aec430 flushing nmethod 0x0000013c86c11890
Event: 9.158 Thread 0x0000013ca0aec430 flushing nmethod 0x0000013c86c95790
Event: 9.158 Thread 0x0000013ca0aec430 flushing nmethod 0x0000013c86c9b490
Event: 9.158 Thread 0x0000013ca0aec430 flushing nmethod 0x0000013c86ca3c90
Event: 9.158 Thread 0x0000013ca0aec430 flushing nmethod 0x0000013c86d08190
Event: 9.158 Thread 0x0000013ca0aec430 flushing nmethod 0x0000013c86d09490
Event: 9.158 Thread 0x0000013ca0aec430 flushing nmethod 0x0000013c86d14d90
Event: 9.158 Thread 0x0000013ca0aec430 flushing nmethod 0x0000013c86d17710
Event: 9.158 Thread 0x0000013ca0aec430 flushing nmethod 0x0000013c86d1e590
Event: 9.158 Thread 0x0000013ca0aec430 flushing nmethod 0x0000013c86d1f910
Event: 9.158 Thread 0x0000013ca0aec430 flushing nmethod 0x0000013c86d2c910
Event: 9.158 Thread 0x0000013ca0aec430 flushing nmethod 0x0000013c86d5d190
Event: 9.158 Thread 0x0000013ca0aec430 flushing nmethod 0x0000013c86d64490
Event: 9.158 Thread 0x0000013ca0aec430 flushing nmethod 0x0000013c86d8a910
Event: 9.158 Thread 0x0000013ca0aec430 flushing nmethod 0x0000013c86d8d310
Event: 9.159 Thread 0x0000013ca0aec430 flushing nmethod 0x0000013c86e1ac10


Dynamic libraries:
0x00007ff765fc0000 - 0x00007ff765fca000 	C:\Program Files\Android\Android Studio\jbr\bin\java.exe
0x00007ffa52bf0000 - 0x00007ffa52de8000 	C:\Windows\SYSTEM32\ntdll.dll
0x00007ffa51650000 - 0x00007ffa51712000 	C:\Windows\System32\KERNEL32.DLL
0x00007ffa50350000 - 0x00007ffa5064e000 	C:\Windows\System32\KERNELBASE.dll
0x00007ffa50b10000 - 0x00007ffa50c10000 	C:\Windows\System32\ucrtbase.dll
0x00007ffa48450000 - 0x00007ffa48467000 	C:\Program Files\Android\Android Studio\jbr\bin\jli.dll
0x00007ffa49d80000 - 0x00007ffa49d9b000 	C:\Program Files\Android\Android Studio\jbr\bin\VCRUNTIME140.dll
0x00007ffa50cd0000 - 0x00007ffa50e6d000 	C:\Windows\System32\USER32.dll
0x00007ffa50320000 - 0x00007ffa50342000 	C:\Windows\System32\win32u.dll
0x00007ffa3d3d0000 - 0x00007ffa3d66a000 	C:\Windows\WinSxS\amd64_microsoft.windows.common-controls_6595b64144ccf1df_6.0.19041.4355_none_60b8b9eb71f62e16\COMCTL32.dll
0x00007ffa51e10000 - 0x00007ffa51e3b000 	C:\Windows\System32\GDI32.dll
0x00007ffa506f0000 - 0x00007ffa50807000 	C:\Windows\System32\gdi32full.dll
0x00007ffa50650000 - 0x00007ffa506ed000 	C:\Windows\System32\msvcp_win.dll
0x00007ffa51d60000 - 0x00007ffa51dfe000 	C:\Windows\System32\msvcrt.dll
0x00007ffa51fa0000 - 0x00007ffa51fcf000 	C:\Windows\System32\IMM32.DLL
0x00007ffa4d370000 - 0x00007ffa4d37c000 	C:\Program Files\Android\Android Studio\jbr\bin\vcruntime140_1.dll
0x00007ffa30190000 - 0x00007ffa3021d000 	C:\Program Files\Android\Android Studio\jbr\bin\msvcp140.dll
0x00007ffa1b490000 - 0x00007ffa1c113000 	C:\Program Files\Android\Android Studio\jbr\bin\server\jvm.dll
0x00007ffa50c10000 - 0x00007ffa50cc1000 	C:\Windows\System32\ADVAPI32.dll
0x00007ffa51bf0000 - 0x00007ffa51c8f000 	C:\Windows\System32\sechost.dll
0x00007ffa519b0000 - 0x00007ffa51ad3000 	C:\Windows\System32\RPCRT4.dll
0x00007ffa50ae0000 - 0x00007ffa50b07000 	C:\Windows\System32\bcrypt.dll
0x00007ffa4d940000 - 0x00007ffa4d949000 	C:\Windows\SYSTEM32\WSOCK32.dll
0x00007ffa4f7d0000 - 0x00007ffa4f81b000 	C:\Windows\SYSTEM32\POWRPROF.dll
0x00007ffa46350000 - 0x00007ffa46377000 	C:\Windows\SYSTEM32\WINMM.dll
0x00007ffa490d0000 - 0x00007ffa490da000 	C:\Windows\SYSTEM32\VERSION.dll
0x00007ffa51c90000 - 0x00007ffa51cfb000 	C:\Windows\System32\WS2_32.dll
0x00007ffa4f690000 - 0x00007ffa4f6a2000 	C:\Windows\SYSTEM32\UMPDC.dll
0x00007ffa4e130000 - 0x00007ffa4e142000 	C:\Windows\SYSTEM32\kernel.appcore.dll
0x00007ffa4a8d0000 - 0x00007ffa4a8da000 	C:\Program Files\Android\Android Studio\jbr\bin\jimage.dll
0x00007ffa472f0000 - 0x00007ffa474d4000 	C:\Windows\SYSTEM32\DBGHELP.DLL
0x00007ffa3e960000 - 0x00007ffa3e994000 	C:\Windows\SYSTEM32\dbgcore.DLL
0x00007ffa50290000 - 0x00007ffa50312000 	C:\Windows\System32\bcryptPrimitives.dll
0x00007ffa49c30000 - 0x00007ffa49c55000 	C:\Program Files\Android\Android Studio\jbr\bin\java.dll
0x00007ffa49340000 - 0x00007ffa49358000 	C:\Program Files\Android\Android Studio\jbr\bin\zip.dll
0x00007ffa52440000 - 0x00007ffa52bad000 	C:\Windows\System32\SHELL32.dll
0x00007ffa4e330000 - 0x00007ffa4ead4000 	C:\Windows\SYSTEM32\windows.storage.dll
0x00007ffa50e70000 - 0x00007ffa511c3000 	C:\Windows\System32\combase.dll
0x00007ffa4fcc0000 - 0x00007ffa4fcee000 	C:\Windows\SYSTEM32\Wldp.dll
0x00007ffa51fd0000 - 0x00007ffa5209d000 	C:\Windows\System32\OLEAUT32.dll
0x00007ffa51ae0000 - 0x00007ffa51b8d000 	C:\Windows\System32\SHCORE.dll
0x00007ffa51e40000 - 0x00007ffa51e95000 	C:\Windows\System32\shlwapi.dll
0x00007ffa501c0000 - 0x00007ffa501e4000 	C:\Windows\SYSTEM32\profapi.dll
0x00007ffa48e30000 - 0x00007ffa48e49000 	C:\Program Files\Android\Android Studio\jbr\bin\net.dll
0x00007ffa4ac50000 - 0x00007ffa4ad5d000 	C:\Windows\SYSTEM32\WINHTTP.dll
0x00007ffa4fa20000 - 0x00007ffa4fa8a000 	C:\Windows\system32\mswsock.dll
0x00007ffa48b60000 - 0x00007ffa48b76000 	C:\Program Files\Android\Android Studio\jbr\bin\nio.dll
0x00007ffa49ca0000 - 0x00007ffa49cb0000 	C:\Program Files\Android\Android Studio\jbr\bin\verify.dll

dbghelp: loaded successfully - version: 4.0.5 - missing functions: none
symbol engine: initialized successfully - sym options: 0x614 - pdb path: .;C:\Program Files\Android\Android Studio\jbr\bin;C:\Windows\SYSTEM32;C:\Windows\WinSxS\amd64_microsoft.windows.common-controls_6595b64144ccf1df_6.0.19041.4355_none_60b8b9eb71f62e16;C:\Program Files\Android\Android Studio\jbr\bin\server

VM Arguments:
java_command: org.jetbrains.kotlin.cli.jvm.K2JVMCompiler @D:\Android\DistantEducation\app\build\20241209_3136193998132457279.compiler.options
java_class_path (initial): C:\Users\VANA\.gradle\caches\modules-2\files-2.1\org.jetbrains.kotlin\kotlin-compiler-embeddable\1.9.0\2c8c3a7402becca891f12739b3e9fd2dc2adbd7a\kotlin-compiler-embeddable-1.9.0.jar;C:\Users\VANA\.gradle\caches\modules-2\files-2.1\org.jetbrains.kotlin\kotlin-stdlib\1.9.0\8ee15ef0c67dc83d874f412d84378d7f0eb50b63\kotlin-stdlib-1.9.0.jar;C:\Users\VANA\.gradle\caches\modules-2\files-2.1\org.jetbrains.kotlin\kotlin-script-runtime\1.9.0\4b3102cbbb7e1b58d9d1adf89563f00069ffa7d1\kotlin-script-runtime-1.9.0.jar;C:\Users\VANA\.gradle\caches\modules-2\files-2.1\org.jetbrains.kotlin\kotlin-reflect\1.6.10\1cbe9c92c12a94eea200d23c2bbaedaf3daf5132\kotlin-reflect-1.6.10.jar;C:\Users\VANA\.gradle\caches\modules-2\files-2.1\org.jetbrains.kotlin\kotlin-daemon-embeddable\1.9.0\186543f5e28cf8d9a0290fecc2cf34301c40a65c\kotlin-daemon-embeddable-1.9.0.jar;C:\Users\VANA\.gradle\caches\modules-2\files-2.1\org.jetbrains.intellij.deps\trove4j\1.0.20200330\3afb14d5f9ceb459d724e907a21145e8ff394f02\trove4j-1.0.20200330.jar;C:\Users\VANA\.gradle\caches\modules-2\files-2.1\org.jetbrains.kotlin\kotlin-stdlib-common\1.9.0\cd65c21cfd1eec4d44ef09f9f52b6d9f8a720636\kotlin-stdlib-common-1.9.0.jar;C:\Users\VANA\.gradle\caches\modules-2\files-2.1\org.jetbrains\annotations\13.0\919f0dfe192fb4e063e7dacadee7f8bb9a2672a9\annotations-13.0.jar
Launcher Type: SUN_STANDARD

[Global flags]
     intx CICompilerCount                          = 12                                        {product} {ergonomic}
     uint ConcGCThreads                            = 3                                         {product} {ergonomic}
     uint G1ConcRefinementThreads                  = 13                                        {product} {ergonomic}
   size_t G1HeapRegionSize                         = 2097152                                   {product} {ergonomic}
    uintx GCDrainStackTargetSize                   = 64                                        {product} {ergonomic}
   size_t InitialHeapSize                          = 268435456                                 {product} {ergonomic}
   size_t MarkStackSize                            = 4194304                                   {product} {ergonomic}
   size_t MaxHeapSize                              = 4282384384                                {product} {ergonomic}
   size_t MaxNewSize                               = 2569011200                                {product} {ergonomic}
   size_t MinHeapDeltaBytes                        = 2097152                                   {product} {ergonomic}
   size_t MinHeapSize                              = 8388608                                   {product} {ergonomic}
    uintx NonNMethodCodeHeapSize                   = 7602480                                {pd product} {ergonomic}
    uintx NonProfiledCodeHeapSize                  = 122027880                              {pd product} {ergonomic}
    uintx ProfiledCodeHeapSize                     = 122027880                              {pd product} {ergonomic}
    uintx ReservedCodeCacheSize                    = 251658240                              {pd product} {ergonomic}
     bool SegmentedCodeCache                       = true                                      {product} {ergonomic}
   size_t SoftMaxHeapSize                          = 4282384384                             {manageable} {ergonomic}
     bool UseCompressedClassPointers               = true                           {product lp64_product} {ergonomic}
     bool UseCompressedOops                        = true                           {product lp64_product} {ergonomic}
     bool UseG1GC                                  = true                                      {product} {ergonomic}
     bool UseLargePagesIndividualAllocation        = false                                  {pd product} {ergonomic}

Logging:
Log output configuration:
 #0: stdout all=warning uptime,level,tags
 #1: stderr all=off uptime,level,tags

Environment Variables:
JAVA_HOME=C:\Program Files\Java\jdk-20
CLASSPATH=%CLASSPATH%;
PATH=C:\Program Files\Java\jdk-20\bin;C:\Program Files\Microsoft\jdk-17.0.13.11-hotspot\bin;C:\Program Files\Common Files\Oracle\Java\javapath;C:\Program Files (x86)\NVIDIA Corporation\PhysX\Common;C:\Program Files\Microsoft MPI\Bin\;C:\Program Files (x86)\Common Files\Oracle\Java\javapath;C:\Program Files\Microsoft\jdk-11.0.16.101-hotspot\bin;C:\Windows\system32;C:\Windows;C:\Windows\System32\Wbem;C:\Windows\System32\WindowsPowerShell\v1.0\;C:\Windows\System32\OpenSSH\;C:\Program Files\Microsoft SQL Server\150\Tools\Binn\;C:\Program Files\Microsoft SQL Server\Client SDK\ODBC\170\Tools\Binn\;C:\Program Files\Git\cmd;C:\Program Files (x86)\Microsoft SQL Server\160\Tools\Binn\;C:\Program Files\Microsoft SQL Server\160\Tools\Binn\;C:\Program Files\Microsoft SQL Server\160\DTS\Binn\;D:\Server\Bin\PHP;C:\ProgramData\ComposerSetup\bin;C:\Program Files\AmneziaWG\;C:\Users\VANA\AppData\Local\Android\Sdk\platform-tools;C:\Users\VANA\AppData\Local\Android\Sdk\tools;C:\ProgramData\chocolatey\bin;C:\Program Files\nodejs\;D:\labs\Flutter\flutter\bin;C:\Program Files\Git\bin;C:\Users\VANA\AppData\Local\Android\Sdk\platform-tools;C:\Users\VANA\AppData\Local\Android\Sdk\tools;C:\Program Files\Java\jdk-20\bin;C:\Program Files\MySQL\MySQL Shell 8.0\bin\;C:\Users\VANA\AppData\Local\Programs\Python\Python311\Scripts\;C:\Users\VANA\AppData\Local\Programs\Python\Python311\;C:\Users\VANA\AppData\Local\Microsoft\WindowsApps;C:\Program Files\JetBrains\IntelliJ IDEA Community Edition 2023.2.2\bin;;C:\Program Files\JetBrains\PhpStorm 2023.3.3\bin;;C:\Users\VANA\AppData\Local\Programs\Microsoft VS Code\bin;C:\Users\VANA\AppData\Roaming\Composer\vendor\bin;C:\Users\VANA\AppData\Roaming\npm;C:\Program Files\Git\cmd;C:\Program Files\Git\bin;
USERNAME=VANA
OS=Windows_NT
PROCESSOR_IDENTIFIER=AMD64 Family 23 Model 113 Stepping 0, AuthenticAMD
TMP=C:\Users\VANA\AppData\Local\Temp
TEMP=C:\Users\VANA\AppData\Local\Temp



Periodic native trim disabled

JNI global refs:
JNI global refs: 21, weak refs: 36

JNI global refs memory usage: 843, weak refs: 841

Process memory usage:
Resident Set Size: 460580K (2% of 16719900K total physical memory with 368260K free physical memory)

OOME stack traces (most recent first):
Classloader memory used:
Loader jdk.internal.loader.ClassLoaders$AppClassLoader                                 : 8963K
Loader bootstrap                                                                       : 1375K
Loader jdk.internal.reflect.DelegatingClassLoader                                      : 23314B


---------------  S Y S T E M  ---------------

OS:
 Windows 10 , 64 bit Build 19041 (10.0.19041.5072)
OS uptime: 4 days 0:10 hours

CPU: total 16 (initial active 16) (16 cores per cpu, 2 threads per core) family 23 model 113 stepping 0 microcode 0x0, cx8, cmov, fxsr, ht, mmx, 3dnowpref, sse, sse2, sse3, ssse3, sse4a, sse4.1, sse4.2, popcnt, lzcnt, tsc, tscinvbit, avx, avx2, aes, clmul, bmi1, bmi2, adx, sha, fma, vzeroupper, clflush, clflushopt
Processor Information for all 16 processors :
  Max Mhz: 3600, Current Mhz: 3600, Mhz Limit: 3600

Memory: 4k page, system-wide physical 16328M (360M free)
TotalPageFile size 32328M (AvailPageFile size 6M)
current process WorkingSet (physical memory assigned to process): 447M, peak: 449M
current process commit charge ("private bytes"): 498M, peak: 501M

vm_info: OpenJDK 64-Bit Server VM (17.0.11+0--11852314) for windows-amd64 JRE (17.0.11+0--11852314), built on May 16 2024 21:29:20 by "androidbuild" with MS VC++ 16.10 / 16.11 (VS2019)

END.
